<?xml version="1.0" encoding="UTF-8"?>
<testng-results skipped="0" failed="0" total="9" passed="9">
  <reporter-output>
  </reporter-output>
  <suite name="Default suite" duration-ms="1023346" started-at="2015-03-25T14:04:33Z" finished-at="2015-03-25T14:21:36Z">
    <groups>
    </groups>
    <test name="Default test" duration-ms="1023346" started-at="2015-03-25T14:04:33Z" finished-at="2015-03-25T14:21:36Z">
      <class name="tomas_niro.training.globant.com.tests.Tests">
        <test-method status="PASS" signature="before()[pri:0, instance:tomas_niro.training.globant.com.tests.Tests@67b64c45]" name="before" is-config="true" duration-ms="22505" started-at="2015-03-25T11:04:33Z" finished-at="2015-03-25T11:04:55Z">
          <reporter-output>
          </reporter-output>
        </test-method> <!-- before -->
        <test-method status="PASS" signature="case1()[pri:0, instance:tomas_niro.training.globant.com.tests.Tests@67b64c45]" name="case1" duration-ms="27380" started-at="2015-03-25T11:04:55Z" description="case1" finished-at="2015-03-25T11:05:23Z">
          <reporter-output>
          </reporter-output>
        </test-method> <!-- case1 -->
        <test-method status="PASS" signature="after()[pri:0, instance:tomas_niro.training.globant.com.tests.Tests@67b64c45]" name="after" is-config="true" duration-ms="2852" started-at="2015-03-25T11:05:23Z" finished-at="2015-03-25T11:05:25Z">
          <reporter-output>
          </reporter-output>
        </test-method> <!-- after -->
        <test-method status="PASS" signature="before()[pri:0, instance:tomas_niro.training.globant.com.tests.Tests@67b64c45]" name="before" is-config="true" duration-ms="29048" started-at="2015-03-25T11:05:25Z" finished-at="2015-03-25T11:05:54Z">
          <reporter-output>
          </reporter-output>
        </test-method> <!-- before -->
        <test-method status="PASS" signature="case2()[pri:0, instance:tomas_niro.training.globant.com.tests.Tests@67b64c45]" name="case2" duration-ms="30441" started-at="2015-03-25T11:05:54Z" description="case2" finished-at="2015-03-25T11:06:25Z">
          <reporter-output>
          </reporter-output>
        </test-method> <!-- case2 -->
        <test-method status="PASS" signature="after()[pri:0, instance:tomas_niro.training.globant.com.tests.Tests@67b64c45]" name="after" is-config="true" duration-ms="2020" started-at="2015-03-25T11:06:25Z" finished-at="2015-03-25T11:06:27Z">
          <reporter-output>
          </reporter-output>
        </test-method> <!-- after -->
        <test-method status="PASS" signature="before()[pri:0, instance:tomas_niro.training.globant.com.tests.Tests@67b64c45]" name="before" is-config="true" duration-ms="19611" started-at="2015-03-25T11:06:27Z" finished-at="2015-03-25T11:06:46Z">
          <reporter-output>
          </reporter-output>
        </test-method> <!-- before -->
        <test-method status="PASS" signature="case3()[pri:0, instance:tomas_niro.training.globant.com.tests.Tests@67b64c45]" name="case3" duration-ms="31081" started-at="2015-03-25T11:06:46Z" description="case3" finished-at="2015-03-25T11:07:18Z">
          <reporter-output>
          </reporter-output>
        </test-method> <!-- case3 -->
        <test-method status="PASS" signature="after()[pri:0, instance:tomas_niro.training.globant.com.tests.Tests@67b64c45]" name="after" is-config="true" duration-ms="1883" started-at="2015-03-25T11:07:18Z" finished-at="2015-03-25T11:07:19Z">
          <reporter-output>
          </reporter-output>
        </test-method> <!-- after -->
        <test-method status="PASS" signature="before()[pri:0, instance:tomas_niro.training.globant.com.tests.Tests@67b64c45]" name="before" is-config="true" duration-ms="18822" started-at="2015-03-25T11:07:19Z" finished-at="2015-03-25T11:07:38Z">
          <reporter-output>
          </reporter-output>
        </test-method> <!-- before -->
        <test-method status="PASS" signature="case4()[pri:0, instance:tomas_niro.training.globant.com.tests.Tests@67b64c45]" name="case4" duration-ms="36258" started-at="2015-03-25T11:07:38Z" description="case4" finished-at="2015-03-25T11:08:15Z">
          <reporter-output>
          </reporter-output>
        </test-method> <!-- case4 -->
        <test-method status="PASS" signature="after()[pri:0, instance:tomas_niro.training.globant.com.tests.Tests@67b64c45]" name="after" is-config="true" duration-ms="4168" started-at="2015-03-25T11:08:15Z" finished-at="2015-03-25T11:08:19Z">
          <reporter-output>
          </reporter-output>
        </test-method> <!-- after -->
        <test-method status="PASS" signature="before()[pri:0, instance:tomas_niro.training.globant.com.tests.Tests@67b64c45]" name="before" is-config="true" duration-ms="23151" started-at="2015-03-25T11:08:19Z" finished-at="2015-03-25T11:08:42Z">
          <reporter-output>
          </reporter-output>
        </test-method> <!-- before -->
        <test-method status="PASS" signature="case5()[pri:0, instance:tomas_niro.training.globant.com.tests.Tests@67b64c45]" name="case5" duration-ms="155092" started-at="2015-03-25T11:08:42Z" description="case5" finished-at="2015-03-25T11:11:17Z">
          <reporter-output>
          </reporter-output>
        </test-method> <!-- case5 -->
        <test-method status="PASS" signature="after()[pri:0, instance:tomas_niro.training.globant.com.tests.Tests@67b64c45]" name="after" is-config="true" duration-ms="3717" started-at="2015-03-25T11:11:17Z" finished-at="2015-03-25T11:11:21Z">
          <reporter-output>
          </reporter-output>
        </test-method> <!-- after -->
        <test-method status="PASS" signature="before()[pri:0, instance:tomas_niro.training.globant.com.tests.Tests@67b64c45]" name="before" is-config="true" duration-ms="25405" started-at="2015-03-25T11:11:21Z" finished-at="2015-03-25T11:11:46Z">
          <reporter-output>
          </reporter-output>
        </test-method> <!-- before -->
        <test-method status="PASS" signature="case6()[pri:0, instance:tomas_niro.training.globant.com.tests.Tests@67b64c45]" name="case6" duration-ms="27110" started-at="2015-03-25T11:11:46Z" description="case6" finished-at="2015-03-25T11:12:13Z">
          <reporter-output>
          </reporter-output>
        </test-method> <!-- case6 -->
        <test-method status="PASS" signature="after()[pri:0, instance:tomas_niro.training.globant.com.tests.Tests@67b64c45]" name="after" is-config="true" duration-ms="3970" started-at="2015-03-25T11:12:13Z" finished-at="2015-03-25T11:12:17Z">
          <reporter-output>
          </reporter-output>
        </test-method> <!-- after -->
        <test-method status="PASS" signature="before()[pri:0, instance:tomas_niro.training.globant.com.tests.Tests@67b64c45]" name="before" is-config="true" duration-ms="27499" started-at="2015-03-25T11:12:17Z" finished-at="2015-03-25T11:12:45Z">
          <reporter-output>
          </reporter-output>
        </test-method> <!-- before -->
        <test-method status="PASS" signature="case7()[pri:0, instance:tomas_niro.training.globant.com.tests.Tests@67b64c45]" name="case7" duration-ms="157555" started-at="2015-03-25T11:12:45Z" description="case7 - Definir y automatizar un test positivo dentro del flujo de búsqueda y reservación de vuelos." finished-at="2015-03-25T11:15:22Z">
          <reporter-output>
          </reporter-output>
        </test-method> <!-- case7 -->
        <test-method status="PASS" signature="after()[pri:0, instance:tomas_niro.training.globant.com.tests.Tests@67b64c45]" name="after" is-config="true" duration-ms="5001" started-at="2015-03-25T11:15:22Z" finished-at="2015-03-25T11:15:27Z">
          <reporter-output>
          </reporter-output>
        </test-method> <!-- after -->
        <test-method status="PASS" signature="before()[pri:0, instance:tomas_niro.training.globant.com.tests.Tests@67b64c45]" name="before" is-config="true" duration-ms="25247" started-at="2015-03-25T11:15:27Z" finished-at="2015-03-25T11:15:52Z">
          <reporter-output>
          </reporter-output>
        </test-method> <!-- before -->
        <test-method status="PASS" signature="case8()[pri:0, instance:tomas_niro.training.globant.com.tests.Tests@67b64c45]" name="case8" duration-ms="170321" started-at="2015-03-25T11:15:52Z" description="case8" finished-at="2015-03-25T11:18:43Z">
          <reporter-output>
          </reporter-output>
        </test-method> <!-- case8 -->
        <test-method status="PASS" signature="after()[pri:0, instance:tomas_niro.training.globant.com.tests.Tests@67b64c45]" name="after" is-config="true" duration-ms="4208" started-at="2015-03-25T11:18:43Z" finished-at="2015-03-25T11:18:47Z">
          <reporter-output>
          </reporter-output>
        </test-method> <!-- after -->
        <test-method status="PASS" signature="before()[pri:0, instance:tomas_niro.training.globant.com.tests.Tests@67b64c45]" name="before" is-config="true" duration-ms="20374" started-at="2015-03-25T11:18:47Z" finished-at="2015-03-25T11:19:07Z">
          <reporter-output>
          </reporter-output>
        </test-method> <!-- before -->
        <test-method status="PASS" signature="case9()[pri:0, instance:tomas_niro.training.globant.com.tests.Tests@67b64c45]" name="case9" duration-ms="140943" started-at="2015-03-25T11:19:07Z" description="case9" finished-at="2015-03-25T11:21:28Z">
          <reporter-output>
          </reporter-output>
        </test-method> <!-- case9 -->
        <test-method status="PASS" signature="after()[pri:0, instance:tomas_niro.training.globant.com.tests.Tests@67b64c45]" name="after" is-config="true" duration-ms="7617" started-at="2015-03-25T11:21:28Z" finished-at="2015-03-25T11:21:36Z">
          <reporter-output>
          </reporter-output>
        </test-method> <!-- after -->
      </class> <!-- tomas_niro.training.globant.com.tests.Tests -->
    </test> <!-- Default test -->
  </suite> <!-- Default suite -->
</testng-results>
