<?xml version="1.0" encoding="UTF-8"?>
<testng-results skipped="0" failed="1" total="9" passed="8">
  <reporter-output>
  </reporter-output>
  <suite name="Default suite" duration-ms="1063928" started-at="2015-03-30T19:26:06Z" finished-at="2015-03-30T19:43:49Z">
    <groups>
    </groups>
    <test name="Default test" duration-ms="1063928" started-at="2015-03-30T19:26:06Z" finished-at="2015-03-30T19:43:49Z">
      <class name="tomas_niro.training.globant.com.tests.Tests">
        <test-method status="PASS" signature="before()[pri:0, instance:tomas_niro.training.globant.com.tests.Tests@67b64c45]" name="before" is-config="true" duration-ms="33725" started-at="2015-03-30T16:26:06Z" finished-at="2015-03-30T16:26:39Z">
          <reporter-output>
          </reporter-output>
        </test-method> <!-- before -->
        <test-method status="PASS" signature="case1()[pri:0, instance:tomas_niro.training.globant.com.tests.Tests@67b64c45]" name="case1" duration-ms="25534" started-at="2015-03-30T16:26:39Z" description="case1" finished-at="2015-03-30T16:27:05Z">
          <reporter-output>
          </reporter-output>
        </test-method> <!-- case1 -->
        <test-method status="PASS" signature="after()[pri:0, instance:tomas_niro.training.globant.com.tests.Tests@67b64c45]" name="after" is-config="true" duration-ms="1733" started-at="2015-03-30T16:27:05Z" finished-at="2015-03-30T16:27:07Z">
          <reporter-output>
          </reporter-output>
        </test-method> <!-- after -->
        <test-method status="PASS" signature="before()[pri:0, instance:tomas_niro.training.globant.com.tests.Tests@67b64c45]" name="before" is-config="true" duration-ms="31818" started-at="2015-03-30T16:27:07Z" finished-at="2015-03-30T16:27:38Z">
          <reporter-output>
          </reporter-output>
        </test-method> <!-- before -->
        <test-method status="FAIL" signature="case2()[pri:0, instance:tomas_niro.training.globant.com.tests.Tests@67b64c45]" name="case2" duration-ms="24834" started-at="2015-03-30T16:27:38Z" description="case2" finished-at="2015-03-30T16:28:03Z">
          <exception class="org.openqa.selenium.NoSuchElementException">
            <message>
              <![CDATA[Unable to locate element: {"method":"class name","selector":"signInForm"}
Command duration or timeout: 1.33 seconds
For documentation on this error, please visit: http://seleniumhq.org/exceptions/no_such_element.html
Build info: version: '2.44.0', revision: '76d78cf323ce037c5f92db6c1bba601c2ac43ad8', time: '2014-10-23 13:11:40'
System info: host: 'GLB-D3004', ip: '10.60.11.41', os.name: 'Windows 7', os.arch: 'amd64', os.version: '6.1', java.version: '1.8.0_31'
Driver info: org.openqa.selenium.firefox.FirefoxDriver
Capabilities [{applicationCacheEnabled=true, rotatable=false, handlesAlerts=true, databaseEnabled=true, version=34.0.5, platform=WINDOWS, nativeEvents=false, acceptSslCerts=true, webStorageEnabled=true, locationContextEnabled=true, browserName=firefox, takesScreenshot=true, javascriptEnabled=true, cssSelectorsEnabled=true}]
Session ID: 8322df61-51aa-4a22-9efe-679d10c465ba]]>
            </message>
            <full-stacktrace>
              <![CDATA[org.openqa.selenium.NoSuchElementException: Unable to locate element: {"method":"class name","selector":"signInForm"}
Command duration or timeout: 1.33 seconds
For documentation on this error, please visit: http://seleniumhq.org/exceptions/no_such_element.html
Build info: version: '2.44.0', revision: '76d78cf323ce037c5f92db6c1bba601c2ac43ad8', time: '2014-10-23 13:11:40'
System info: host: 'GLB-D3004', ip: '10.60.11.41', os.name: 'Windows 7', os.arch: 'amd64', os.version: '6.1', java.version: '1.8.0_31'
Driver info: org.openqa.selenium.firefox.FirefoxDriver
Capabilities [{applicationCacheEnabled=true, rotatable=false, handlesAlerts=true, databaseEnabled=true, version=34.0.5, platform=WINDOWS, nativeEvents=false, acceptSslCerts=true, webStorageEnabled=true, locationContextEnabled=true, browserName=firefox, takesScreenshot=true, javascriptEnabled=true, cssSelectorsEnabled=true}]
Session ID: 8322df61-51aa-4a22-9efe-679d10c465ba
	at sun.reflect.NativeConstructorAccessorImpl.newInstance0(Native Method)
	at sun.reflect.NativeConstructorAccessorImpl.newInstance(NativeConstructorAccessorImpl.java:62)
	at sun.reflect.DelegatingConstructorAccessorImpl.newInstance(DelegatingConstructorAccessorImpl.java:45)
	at java.lang.reflect.Constructor.newInstance(Constructor.java:408)
	at org.openqa.selenium.remote.ErrorHandler.createThrowable(ErrorHandler.java:204)
	at org.openqa.selenium.remote.ErrorHandler.throwIfResponseFailed(ErrorHandler.java:156)
	at org.openqa.selenium.remote.RemoteWebDriver.execute(RemoteWebDriver.java:599)
	at org.openqa.selenium.remote.RemoteWebDriver.findElement(RemoteWebDriver.java:352)
	at org.openqa.selenium.remote.RemoteWebDriver.findElementByClassName(RemoteWebDriver.java:433)
	at org.openqa.selenium.By$ByClassName.findElement(By.java:387)
	at org.openqa.selenium.remote.RemoteWebDriver.findElement(RemoteWebDriver.java:344)
	at tomas_niro.training.globant.com.tests.Tests.case2(Tests.java:87)
	at sun.reflect.NativeMethodAccessorImpl.invoke0(Native Method)
	at sun.reflect.NativeMethodAccessorImpl.invoke(NativeMethodAccessorImpl.java:62)
	at sun.reflect.DelegatingMethodAccessorImpl.invoke(DelegatingMethodAccessorImpl.java:43)
	at java.lang.reflect.Method.invoke(Method.java:483)
	at org.testng.internal.MethodInvocationHelper.invokeMethod(MethodInvocationHelper.java:84)
	at org.testng.internal.Invoker.invokeMethod(Invoker.java:714)
	at org.testng.internal.Invoker.invokeTestMethod(Invoker.java:901)
	at org.testng.internal.Invoker.invokeTestMethods(Invoker.java:1231)
	at org.testng.internal.TestMethodWorker.invokeTestMethods(TestMethodWorker.java:127)
	at org.testng.internal.TestMethodWorker.run(TestMethodWorker.java:111)
	at org.testng.TestRunner.privateRun(TestRunner.java:767)
	at org.testng.TestRunner.run(TestRunner.java:617)
	at org.testng.SuiteRunner.runTest(SuiteRunner.java:334)
	at org.testng.SuiteRunner.runSequentially(SuiteRunner.java:329)
	at org.testng.SuiteRunner.privateRun(SuiteRunner.java:291)
	at org.testng.SuiteRunner.run(SuiteRunner.java:240)
	at org.testng.SuiteRunnerWorker.runSuite(SuiteRunnerWorker.java:52)
	at org.testng.SuiteRunnerWorker.run(SuiteRunnerWorker.java:86)
	at org.testng.TestNG.runSuitesSequentially(TestNG.java:1224)
	at org.testng.TestNG.runSuitesLocally(TestNG.java:1149)
	at org.testng.TestNG.run(TestNG.java:1057)
	at org.testng.remote.RemoteTestNG.run(RemoteTestNG.java:111)
	at org.testng.remote.RemoteTestNG.initAndRun(RemoteTestNG.java:204)
	at org.testng.remote.RemoteTestNG.main(RemoteTestNG.java:175)
Caused by: org.openqa.selenium.NoSuchElementException: Unable to locate element: {"method":"class name","selector":"signInForm"}
For documentation on this error, please visit: http://seleniumhq.org/exceptions/no_such_element.html
Build info: version: '2.44.0', revision: '76d78cf323ce037c5f92db6c1bba601c2ac43ad8', time: '2014-10-23 13:11:40'
System info: host: 'GLB-D3004', ip: '10.60.11.41', os.name: 'Windows 7', os.arch: 'amd64', os.version: '6.1', java.version: '1.8.0_31'
Driver info: driver.version: unknown
	at <anonymous class>.FirefoxDriver.prototype.findElementInternal_(file:///C:/Users/TOMAS~1.NIR/AppData/Local/Temp/anonymous2090039492405715751webdriver-profile/extensions/fxdriver@googlecode.com/components/driver-component.js:9641:26)
	at <anonymous class>.FirefoxDriver.prototype.findElement(file:///C:/Users/TOMAS~1.NIR/AppData/Local/Temp/anonymous2090039492405715751webdriver-profile/extensions/fxdriver@googlecode.com/components/driver-component.js:9650:3)
	at <anonymous class>.DelayedCommand.prototype.executeInternal_/h(file:///C:/Users/TOMAS~1.NIR/AppData/Local/Temp/anonymous2090039492405715751webdriver-profile/extensions/fxdriver@googlecode.com/components/command-processor.js:11635:16)
	at <anonymous class>.DelayedCommand.prototype.executeInternal_(file:///C:/Users/TOMAS~1.NIR/AppData/Local/Temp/anonymous2090039492405715751webdriver-profile/extensions/fxdriver@googlecode.com/components/command-processor.js:11640:7)
	at <anonymous class>.DelayedCommand.prototype.execute/<(file:///C:/Users/TOMAS~1.NIR/AppData/Local/Temp/anonymous2090039492405715751webdriver-profile/extensions/fxdriver@googlecode.com/components/command-processor.js:11582:5)
]]>
            </full-stacktrace>
          </exception> <!-- org.openqa.selenium.NoSuchElementException -->
          <reporter-output>
          </reporter-output>
        </test-method> <!-- case2 -->
        <test-method status="PASS" signature="after()[pri:0, instance:tomas_niro.training.globant.com.tests.Tests@67b64c45]" name="after" is-config="true" duration-ms="7472" started-at="2015-03-30T16:28:03Z" finished-at="2015-03-30T16:28:11Z">
          <reporter-output>
          </reporter-output>
        </test-method> <!-- after -->
        <test-method status="PASS" signature="before()[pri:0, instance:tomas_niro.training.globant.com.tests.Tests@67b64c45]" name="before" is-config="true" duration-ms="21167" started-at="2015-03-30T16:28:11Z" finished-at="2015-03-30T16:28:32Z">
          <reporter-output>
          </reporter-output>
        </test-method> <!-- before -->
        <test-method status="PASS" signature="case3()[pri:0, instance:tomas_niro.training.globant.com.tests.Tests@67b64c45]" name="case3" duration-ms="34953" started-at="2015-03-30T16:28:32Z" description="case3" finished-at="2015-03-30T16:29:07Z">
          <reporter-output>
          </reporter-output>
        </test-method> <!-- case3 -->
        <test-method status="PASS" signature="after()[pri:0, instance:tomas_niro.training.globant.com.tests.Tests@67b64c45]" name="after" is-config="true" duration-ms="2589" started-at="2015-03-30T16:29:07Z" finished-at="2015-03-30T16:29:10Z">
          <reporter-output>
          </reporter-output>
        </test-method> <!-- after -->
        <test-method status="PASS" signature="before()[pri:0, instance:tomas_niro.training.globant.com.tests.Tests@67b64c45]" name="before" is-config="true" duration-ms="26309" started-at="2015-03-30T16:29:10Z" finished-at="2015-03-30T16:29:36Z">
          <reporter-output>
          </reporter-output>
        </test-method> <!-- before -->
        <test-method status="PASS" signature="case4()[pri:0, instance:tomas_niro.training.globant.com.tests.Tests@67b64c45]" name="case4" duration-ms="47509" started-at="2015-03-30T16:29:36Z" description="case4" finished-at="2015-03-30T16:30:23Z">
          <reporter-output>
          </reporter-output>
        </test-method> <!-- case4 -->
        <test-method status="PASS" signature="after()[pri:0, instance:tomas_niro.training.globant.com.tests.Tests@67b64c45]" name="after" is-config="true" duration-ms="5739" started-at="2015-03-30T16:30:23Z" finished-at="2015-03-30T16:30:29Z">
          <reporter-output>
          </reporter-output>
        </test-method> <!-- after -->
        <test-method status="PASS" signature="before()[pri:0, instance:tomas_niro.training.globant.com.tests.Tests@67b64c45]" name="before" is-config="true" duration-ms="17830" started-at="2015-03-30T16:30:29Z" finished-at="2015-03-30T16:30:47Z">
          <reporter-output>
          </reporter-output>
        </test-method> <!-- before -->
        <test-method status="PASS" signature="case5()[pri:0, instance:tomas_niro.training.globant.com.tests.Tests@67b64c45]" name="case5" duration-ms="147676" started-at="2015-03-30T16:30:47Z" description="case5" finished-at="2015-03-30T16:33:15Z">
          <reporter-output>
          </reporter-output>
        </test-method> <!-- case5 -->
        <test-method status="PASS" signature="after()[pri:0, instance:tomas_niro.training.globant.com.tests.Tests@67b64c45]" name="after" is-config="true" duration-ms="16295" started-at="2015-03-30T16:33:15Z" finished-at="2015-03-30T16:33:31Z">
          <reporter-output>
          </reporter-output>
        </test-method> <!-- after -->
        <test-method status="PASS" signature="before()[pri:0, instance:tomas_niro.training.globant.com.tests.Tests@67b64c45]" name="before" is-config="true" duration-ms="21846" started-at="2015-03-30T16:33:31Z" finished-at="2015-03-30T16:33:53Z">
          <reporter-output>
          </reporter-output>
        </test-method> <!-- before -->
        <test-method status="PASS" signature="case6()[pri:0, instance:tomas_niro.training.globant.com.tests.Tests@67b64c45]" name="case6" duration-ms="22730" started-at="2015-03-30T16:33:53Z" description="case6" finished-at="2015-03-30T16:34:15Z">
          <reporter-output>
          </reporter-output>
        </test-method> <!-- case6 -->
        <test-method status="PASS" signature="after()[pri:0, instance:tomas_niro.training.globant.com.tests.Tests@67b64c45]" name="after" is-config="true" duration-ms="3818" started-at="2015-03-30T16:34:15Z" finished-at="2015-03-30T16:34:19Z">
          <reporter-output>
          </reporter-output>
        </test-method> <!-- after -->
        <test-method status="PASS" signature="before()[pri:0, instance:tomas_niro.training.globant.com.tests.Tests@67b64c45]" name="before" is-config="true" duration-ms="29266" started-at="2015-03-30T16:34:19Z" finished-at="2015-03-30T16:34:49Z">
          <reporter-output>
          </reporter-output>
        </test-method> <!-- before -->
        <test-method status="PASS" signature="case7()[pri:0, instance:tomas_niro.training.globant.com.tests.Tests@67b64c45]" name="case7" duration-ms="150467" started-at="2015-03-30T16:34:49Z" description="case7 - Definir y automatizar un test positivo dentro del flujo de búsqueda y reservación de vuelos." finished-at="2015-03-30T16:37:19Z">
          <reporter-output>
          </reporter-output>
        </test-method> <!-- case7 -->
        <test-method status="PASS" signature="after()[pri:0, instance:tomas_niro.training.globant.com.tests.Tests@67b64c45]" name="after" is-config="true" duration-ms="8773" started-at="2015-03-30T16:37:19Z" finished-at="2015-03-30T16:37:28Z">
          <reporter-output>
          </reporter-output>
        </test-method> <!-- after -->
        <test-method status="PASS" signature="before()[pri:0, instance:tomas_niro.training.globant.com.tests.Tests@67b64c45]" name="before" is-config="true" duration-ms="22722" started-at="2015-03-30T16:37:28Z" finished-at="2015-03-30T16:37:51Z">
          <reporter-output>
          </reporter-output>
        </test-method> <!-- before -->
        <test-method status="PASS" signature="case8()[pri:0, instance:tomas_niro.training.globant.com.tests.Tests@67b64c45]" name="case8" duration-ms="181199" started-at="2015-03-30T16:37:51Z" description="case8" finished-at="2015-03-30T16:40:52Z">
          <reporter-output>
          </reporter-output>
        </test-method> <!-- case8 -->
        <test-method status="PASS" signature="after()[pri:0, instance:tomas_niro.training.globant.com.tests.Tests@67b64c45]" name="after" is-config="true" duration-ms="6870" started-at="2015-03-30T16:40:52Z" finished-at="2015-03-30T16:40:59Z">
          <reporter-output>
          </reporter-output>
        </test-method> <!-- after -->
        <test-method status="PASS" signature="before()[pri:0, instance:tomas_niro.training.globant.com.tests.Tests@67b64c45]" name="before" is-config="true" duration-ms="19969" started-at="2015-03-30T16:40:59Z" finished-at="2015-03-30T16:41:19Z">
          <reporter-output>
          </reporter-output>
        </test-method> <!-- before -->
        <test-method status="PASS" signature="case9()[pri:0, instance:tomas_niro.training.globant.com.tests.Tests@67b64c45]" name="case9" duration-ms="146183" started-at="2015-03-30T16:41:19Z" description="case9" finished-at="2015-03-30T16:43:45Z">
          <reporter-output>
          </reporter-output>
        </test-method> <!-- case9 -->
        <test-method status="PASS" signature="after()[pri:0, instance:tomas_niro.training.globant.com.tests.Tests@67b64c45]" name="after" is-config="true" duration-ms="4694" started-at="2015-03-30T16:43:45Z" finished-at="2015-03-30T16:43:49Z">
          <reporter-output>
          </reporter-output>
        </test-method> <!-- after -->
      </class> <!-- tomas_niro.training.globant.com.tests.Tests -->
    </test> <!-- Default test -->
  </suite> <!-- Default suite -->
</testng-results>
