<?xml version="1.0" encoding="UTF-8"?>
<testng-results skipped="0" failed="0" total="1" passed="1">
  <reporter-output>
    <line>
      <![CDATA[Se Entro a la Pagina Correctamente
]]>
    </line>
  </reporter-output>
  <suite name="suit 1" duration-ms="47917" started-at="2015-03-20T20:35:23Z" finished-at="2015-03-20T20:36:11Z">
    <groups>
    </groups>
    <test name="Run on Firefox4" duration-ms="47917" started-at="2015-03-20T20:35:23Z" finished-at="2015-03-20T20:36:11Z">
      <class name="tomas_niro.training.globant.com.tests.Tests">
        <test-method status="PASS" signature="before(java.lang.String)[pri:0, instance:tomas_niro.training.globant.com.tests.Tests@2f7a2457]" name="before" is-config="true" duration-ms="19627" started-at="2015-03-20T17:35:23Z" finished-at="2015-03-20T17:35:42Z">
          <params>
            <param index="0">
              <value>
                <![CDATA[FF]]>
              </value>
            </param>
          </params>
          <reporter-output>
            <line>
              <![CDATA[Se Entro a la Pagina Correctamente
]]>
            </line>
          </reporter-output>
        </test-method> <!-- before -->
        <test-method status="PASS" signature="testLoginPsswFail()[pri:0, instance:tomas_niro.training.globant.com.tests.Tests@2f7a2457]" name="testLoginPsswFail" duration-ms="26569" started-at="2015-03-20T17:35:42Z" description="case3" finished-at="2015-03-20T17:36:09Z">
          <reporter-output>
          </reporter-output>
        </test-method> <!-- testLoginPsswFail -->
        <test-method status="PASS" signature="after()[pri:0, instance:tomas_niro.training.globant.com.tests.Tests@2f7a2457]" name="after" is-config="true" duration-ms="1677" started-at="2015-03-20T17:36:09Z" finished-at="2015-03-20T17:36:11Z">
          <reporter-output>
          </reporter-output>
        </test-method> <!-- after -->
      </class> <!-- tomas_niro.training.globant.com.tests.Tests -->
    </test> <!-- Run on Firefox4 -->
  </suite> <!-- suit 1 -->
</testng-results>
