<?xml version="1.0" encoding="UTF-8"?>
<testng-results skipped="0" failed="1" total="9" passed="8">
  <reporter-output>
  </reporter-output>
  <suite name="Default suite" duration-ms="829781" started-at="2015-03-25T02:22:45Z" finished-at="2015-03-25T02:36:35Z">
    <groups>
    </groups>
    <test name="Default test" duration-ms="829781" started-at="2015-03-25T02:22:45Z" finished-at="2015-03-25T02:36:35Z">
      <class name="tomas_niro.training.globant.com.tests.Tests">
        <test-method status="PASS" signature="before()[pri:0, instance:tomas_niro.training.globant.com.tests.Tests@1aba308]" name="before" is-config="true" duration-ms="12060" started-at="2015-03-24T23:22:45Z" finished-at="2015-03-24T23:22:57Z">
          <reporter-output>
          </reporter-output>
        </test-method> <!-- before -->
        <test-method status="PASS" signature="case1()[pri:0, instance:tomas_niro.training.globant.com.tests.Tests@1aba308]" name="case1" duration-ms="15933" started-at="2015-03-24T23:22:57Z" description="case1" finished-at="2015-03-24T23:23:13Z">
          <reporter-output>
          </reporter-output>
        </test-method> <!-- case1 -->
        <test-method status="PASS" signature="after()[pri:0, instance:tomas_niro.training.globant.com.tests.Tests@1aba308]" name="after" is-config="true" duration-ms="298" started-at="2015-03-24T23:23:13Z" finished-at="2015-03-24T23:23:13Z">
          <reporter-output>
          </reporter-output>
        </test-method> <!-- after -->
        <test-method status="PASS" signature="before()[pri:0, instance:tomas_niro.training.globant.com.tests.Tests@1aba308]" name="before" is-config="true" duration-ms="8752" started-at="2015-03-24T23:23:13Z" finished-at="2015-03-24T23:23:22Z">
          <reporter-output>
          </reporter-output>
        </test-method> <!-- before -->
        <test-method status="PASS" signature="case2()[pri:0, instance:tomas_niro.training.globant.com.tests.Tests@1aba308]" name="case2" duration-ms="15242" started-at="2015-03-24T23:23:22Z" description="case2" finished-at="2015-03-24T23:23:37Z">
          <reporter-output>
          </reporter-output>
        </test-method> <!-- case2 -->
        <test-method status="PASS" signature="after()[pri:0, instance:tomas_niro.training.globant.com.tests.Tests@1aba308]" name="after" is-config="true" duration-ms="305" started-at="2015-03-24T23:23:37Z" finished-at="2015-03-24T23:23:38Z">
          <reporter-output>
          </reporter-output>
        </test-method> <!-- after -->
        <test-method status="PASS" signature="before()[pri:0, instance:tomas_niro.training.globant.com.tests.Tests@1aba308]" name="before" is-config="true" duration-ms="18519" started-at="2015-03-24T23:23:38Z" finished-at="2015-03-24T23:23:56Z">
          <reporter-output>
          </reporter-output>
        </test-method> <!-- before -->
        <test-method status="PASS" signature="case3()[pri:0, instance:tomas_niro.training.globant.com.tests.Tests@1aba308]" name="case3" duration-ms="37427" started-at="2015-03-24T23:23:56Z" description="case3" finished-at="2015-03-24T23:24:33Z">
          <reporter-output>
          </reporter-output>
        </test-method> <!-- case3 -->
        <test-method status="PASS" signature="after()[pri:0, instance:tomas_niro.training.globant.com.tests.Tests@1aba308]" name="after" is-config="true" duration-ms="305" started-at="2015-03-24T23:24:33Z" finished-at="2015-03-24T23:24:34Z">
          <reporter-output>
          </reporter-output>
        </test-method> <!-- after -->
        <test-method status="PASS" signature="before()[pri:0, instance:tomas_niro.training.globant.com.tests.Tests@1aba308]" name="before" is-config="true" duration-ms="9668" started-at="2015-03-24T23:24:34Z" finished-at="2015-03-24T23:24:43Z">
          <reporter-output>
          </reporter-output>
        </test-method> <!-- before -->
        <test-method status="PASS" signature="case4()[pri:0, instance:tomas_niro.training.globant.com.tests.Tests@1aba308]" name="case4" duration-ms="28413" started-at="2015-03-24T23:24:43Z" description="case4" finished-at="2015-03-24T23:25:12Z">
          <reporter-output>
          </reporter-output>
        </test-method> <!-- case4 -->
        <test-method status="PASS" signature="after()[pri:0, instance:tomas_niro.training.globant.com.tests.Tests@1aba308]" name="after" is-config="true" duration-ms="315" started-at="2015-03-24T23:25:12Z" finished-at="2015-03-24T23:25:12Z">
          <reporter-output>
          </reporter-output>
        </test-method> <!-- after -->
        <test-method status="PASS" signature="before()[pri:0, instance:tomas_niro.training.globant.com.tests.Tests@1aba308]" name="before" is-config="true" duration-ms="13065" started-at="2015-03-24T23:25:12Z" finished-at="2015-03-24T23:25:25Z">
          <reporter-output>
          </reporter-output>
        </test-method> <!-- before -->
        <test-method status="PASS" signature="case5()[pri:0, instance:tomas_niro.training.globant.com.tests.Tests@1aba308]" name="case5" duration-ms="146139" started-at="2015-03-24T23:25:25Z" description="case5" finished-at="2015-03-24T23:27:51Z">
          <reporter-output>
          </reporter-output>
        </test-method> <!-- case5 -->
        <test-method status="PASS" signature="after()[pri:0, instance:tomas_niro.training.globant.com.tests.Tests@1aba308]" name="after" is-config="true" duration-ms="1421" started-at="2015-03-24T23:27:51Z" finished-at="2015-03-24T23:27:53Z">
          <reporter-output>
          </reporter-output>
        </test-method> <!-- after -->
        <test-method status="PASS" signature="before()[pri:0, instance:tomas_niro.training.globant.com.tests.Tests@1aba308]" name="before" is-config="true" duration-ms="9550" started-at="2015-03-24T23:27:53Z" finished-at="2015-03-24T23:28:02Z">
          <reporter-output>
          </reporter-output>
        </test-method> <!-- before -->
        <test-method status="FAIL" signature="case6()[pri:0, instance:tomas_niro.training.globant.com.tests.Tests@1aba308]" name="case6" duration-ms="12655" started-at="2015-03-24T23:28:02Z" description="case6" finished-at="2015-03-24T23:28:15Z">
          <exception class="java.lang.AssertionError">
            <message>
              <![CDATA[expected [That date/time has already passed. Please select a new date/time.] but found []]]>
            </message>
            <full-stacktrace>
              <![CDATA[java.lang.AssertionError: expected [That date/time has already passed. Please select a new date/time.] but found []
	at org.testng.Assert.fail(Assert.java:94)
	at org.testng.Assert.failNotEquals(Assert.java:494)
	at org.testng.Assert.assertEquals(Assert.java:123)
	at org.testng.Assert.assertEquals(Assert.java:176)
	at org.testng.Assert.assertEquals(Assert.java:186)
	at tomas_niro.training.globant.com.tests.Tests.case6(Tests.java:129)
	at sun.reflect.NativeMethodAccessorImpl.invoke0(Native Method)
	at sun.reflect.NativeMethodAccessorImpl.invoke(NativeMethodAccessorImpl.java:57)
	at sun.reflect.DelegatingMethodAccessorImpl.invoke(DelegatingMethodAccessorImpl.java:43)
	at java.lang.reflect.Method.invoke(Method.java:606)
	at org.testng.internal.MethodInvocationHelper.invokeMethod(MethodInvocationHelper.java:84)
	at org.testng.internal.Invoker.invokeMethod(Invoker.java:714)
	at org.testng.internal.Invoker.invokeTestMethod(Invoker.java:901)
	at org.testng.internal.Invoker.invokeTestMethods(Invoker.java:1231)
	at org.testng.internal.TestMethodWorker.invokeTestMethods(TestMethodWorker.java:127)
	at org.testng.internal.TestMethodWorker.run(TestMethodWorker.java:111)
	at org.testng.TestRunner.privateRun(TestRunner.java:767)
	at org.testng.TestRunner.run(TestRunner.java:617)
	at org.testng.SuiteRunner.runTest(SuiteRunner.java:334)
	at org.testng.SuiteRunner.runSequentially(SuiteRunner.java:329)
	at org.testng.SuiteRunner.privateRun(SuiteRunner.java:291)
	at org.testng.SuiteRunner.run(SuiteRunner.java:240)
	at org.testng.SuiteRunnerWorker.runSuite(SuiteRunnerWorker.java:52)
	at org.testng.SuiteRunnerWorker.run(SuiteRunnerWorker.java:86)
	at org.testng.TestNG.runSuitesSequentially(TestNG.java:1224)
	at org.testng.TestNG.runSuitesLocally(TestNG.java:1149)
	at org.testng.TestNG.run(TestNG.java:1057)
	at org.testng.remote.RemoteTestNG.run(RemoteTestNG.java:111)
	at org.testng.remote.RemoteTestNG.initAndRun(RemoteTestNG.java:204)
	at org.testng.remote.RemoteTestNG.main(RemoteTestNG.java:175)
]]>
            </full-stacktrace>
          </exception> <!-- java.lang.AssertionError -->
          <reporter-output>
          </reporter-output>
        </test-method> <!-- case6 -->
        <test-method status="PASS" signature="after()[pri:0, instance:tomas_niro.training.globant.com.tests.Tests@1aba308]" name="after" is-config="true" duration-ms="654" started-at="2015-03-24T23:28:15Z" finished-at="2015-03-24T23:28:16Z">
          <reporter-output>
          </reporter-output>
        </test-method> <!-- after -->
        <test-method status="PASS" signature="before()[pri:0, instance:tomas_niro.training.globant.com.tests.Tests@1aba308]" name="before" is-config="true" duration-ms="9041" started-at="2015-03-24T23:28:16Z" finished-at="2015-03-24T23:28:25Z">
          <reporter-output>
          </reporter-output>
        </test-method> <!-- before -->
        <test-method status="PASS" signature="case7()[pri:0, instance:tomas_niro.training.globant.com.tests.Tests@1aba308]" name="case7" duration-ms="139991" started-at="2015-03-24T23:28:25Z" description="case7 - Definir y automatizar un test positivo dentro del flujo de búsqueda y reservación de vuelos." finished-at="2015-03-24T23:30:45Z">
          <reporter-output>
          </reporter-output>
        </test-method> <!-- case7 -->
        <test-method status="PASS" signature="after()[pri:0, instance:tomas_niro.training.globant.com.tests.Tests@1aba308]" name="after" is-config="true" duration-ms="511" started-at="2015-03-24T23:30:45Z" finished-at="2015-03-24T23:30:45Z">
          <reporter-output>
          </reporter-output>
        </test-method> <!-- after -->
        <test-method status="PASS" signature="before()[pri:0, instance:tomas_niro.training.globant.com.tests.Tests@1aba308]" name="before" is-config="true" duration-ms="11400" started-at="2015-03-24T23:30:45Z" finished-at="2015-03-24T23:30:57Z">
          <reporter-output>
          </reporter-output>
        </test-method> <!-- before -->
        <test-method status="PASS" signature="case8()[pri:0, instance:tomas_niro.training.globant.com.tests.Tests@1aba308]" name="case8" duration-ms="135565" started-at="2015-03-24T23:30:57Z" description="case8" finished-at="2015-03-24T23:33:12Z">
          <reporter-output>
          </reporter-output>
        </test-method> <!-- case8 -->
        <test-method status="PASS" signature="after()[pri:0, instance:tomas_niro.training.globant.com.tests.Tests@1aba308]" name="after" is-config="true" duration-ms="1021" started-at="2015-03-24T23:33:12Z" finished-at="2015-03-24T23:33:13Z">
          <reporter-output>
          </reporter-output>
        </test-method> <!-- after -->
        <test-method status="PASS" signature="before()[pri:0, instance:tomas_niro.training.globant.com.tests.Tests@1aba308]" name="before" is-config="true" duration-ms="11465" started-at="2015-03-24T23:33:13Z" finished-at="2015-03-24T23:33:25Z">
          <reporter-output>
          </reporter-output>
        </test-method> <!-- before -->
        <test-method status="PASS" signature="case9()[pri:0, instance:tomas_niro.training.globant.com.tests.Tests@1aba308]" name="case9" duration-ms="189458" started-at="2015-03-24T23:33:25Z" description="case9" finished-at="2015-03-24T23:36:34Z">
          <reporter-output>
          </reporter-output>
        </test-method> <!-- case9 -->
        <test-method status="PASS" signature="after()[pri:0, instance:tomas_niro.training.globant.com.tests.Tests@1aba308]" name="after" is-config="true" duration-ms="582" started-at="2015-03-24T23:36:34Z" finished-at="2015-03-24T23:36:35Z">
          <reporter-output>
          </reporter-output>
        </test-method> <!-- after -->
      </class> <!-- tomas_niro.training.globant.com.tests.Tests -->
    </test> <!-- Default test -->
  </suite> <!-- Default suite -->
</testng-results>
