<?xml version="1.0" encoding="UTF-8" ?>
<testsuite failures="1" time="17.562" errors="0" skipped="0" tests="2" name="com.globant.training.tomas_niro.Tests">
  <properties>
[...]
</properties>
  <testcase time="9.04" classname="com.globant.training.tomas_niro.Tests" name="testForm"/>
  <testcase time="8.522" classname="com.globant.training.tomas_niro.Tests" name="testForm2">
    <failure message="Please make corrections below and try again.
Name: *
Email Address: *
A valid email address is required.
Subject: *
Message: *
its working? expected:&lt;null&gt; but was:&lt;[[FirefoxDriver: firefox on WINDOWS (6138128c-ac3c-406e-a03b-f704b034952d)] -&gt; id: cntctfrm_contact_form]&gt;" type="java.lang.AssertionError">java.lang.AssertionError: Please make corrections below and try again.
Name: *
Email Address: *
A valid email address is required.
Subject: *
Message: *
its working? expected:&lt;null&gt; but was:&lt;[[FirefoxDriver: firefox on WINDOWS (6138128c-ac3c-406e-a03b-f704b034952d)] -&gt; id: cntctfrm_contact_form]&gt;
	at org.testng.Assert.fail(Assert.java:89)
	at org.testng.Assert.failNotSame(Assert.java:485)
	at org.testng.Assert.assertNull(Assert.java:421)
	at com.globant.training.tomas_niro.Tests.testForm2(Tests.java:115)
</failure>
  </testcase>
</testsuite>